Using pre-set license
Built from 'master' branch; Version is '2020.3.36f1 (71f96b79b9f0) revision 7469419'; Using compiler version '192528614'; Build Type 'Release'
OS: 'Windows 10  (10.0.19044) 64bit Professional' Language: 'en' Physical Memory: 7985 MB
BatchMode: 1, IsHumanControllingUs: 0, StartBugReporterOnCrash: 0, Is64bit: 1, IsPro: 0

COMMAND LINE ARGUMENTS:
C:\Program Files\Unity\Hub\Editor\2020.3.36f1\Editor\Unity.exe
-adb2
-batchMode
-noUpm
-name
AssetImportWorker0
-projectPath
C:/Unity/FlyBird
-logFile
Logs/AssetImportWorker0.log
-srvPort
62981
Successfully changed project path to: C:/Unity/FlyBird
C:/Unity/FlyBird
Using Asset Import Pipeline V2.
Refreshing native plugins compatible for Editor in 61.25 ms, found 3 plugins.
Preloading 0 native plugins for Editor in 0.00 ms.
Initialize engine version: 2020.3.36f1 (71f96b79b9f0)
[Subsystems] Discovering subsystems at path C:/Program Files/Unity/Hub/Editor/2020.3.36f1/Editor/Data/Resources/UnitySubsystems
[Subsystems] Discovering subsystems at path C:/Unity/FlyBird/Assets
GfxDevice: creating device client; threaded=0
Direct3D:
    Version:  Direct3D 11.0 [level 11.1]
    Renderer: Microsoft Basic Render Driver (ID=0x8c)
    Vendor:   
    VRAM:     3992 MB
Initialize mono
Mono path[0] = 'C:/Program Files/Unity/Hub/Editor/2020.3.36f1/Editor/Data/Managed'
Mono path[1] = 'C:/Program Files/Unity/Hub/Editor/2020.3.36f1/Editor/Data/MonoBleedingEdge/lib/mono/unityjit'
Mono config path = 'C:/Program Files/Unity/Hub/Editor/2020.3.36f1/Editor/Data/MonoBleedingEdge/etc'
Using monoOptions --debugger-agent=transport=dt_socket,embedding=1,server=y,suspend=n,address=127.0.0.1:56192
Begin MonoManager ReloadAssembly
Registering precompiled unity dll's ...
Register platform support module: C:/Program Files/Unity/Hub/Editor/2020.3.36f1/Editor/Data/PlaybackEngines/WindowsStandaloneSupport/UnityEditor.WindowsStandalone.Extensions.dll
Registered in 0.002128 seconds.
Native extension for WindowsStandalone target not found
Refreshing native plugins compatible for Editor in 56.93 ms, found 3 plugins.
Preloading 0 native plugins for Editor in 0.00 ms.
Mono: successfully reloaded assembly
- Completed reload, in  0.666 seconds
Domain Reload Profiling:
	ReloadAssembly (666ms)
		BeginReloadAssembly (74ms)
			ExecutionOrderSort (0ms)
			DisableScriptedObjects (0ms)
			BackupInstance (0ms)
			ReleaseScriptingObjects (0ms)
			CreateAndSetChildDomain (1ms)
		EndReloadAssembly (510ms)
			LoadAssemblies (72ms)
			RebuildTransferFunctionScriptingTraits (0ms)
			SetupTypeCache (173ms)
			ReleaseScriptCaches (0ms)
			RebuildScriptCaches (33ms)
			SetupLoadedEditorAssemblies (198ms)
				LogAssemblyErrors (0ms)
				InitializePlatformSupportModulesInManaged (5ms)
				SetLoadedEditorAssemblies (0ms)
				RefreshPlugins (57ms)
				BeforeProcessingInitializeOnLoad (11ms)
				ProcessInitializeOnLoadAttributes (92ms)
				ProcessInitializeOnLoadMethodAttributes (32ms)
				AfterProcessingInitializeOnLoad (0ms)
				EditorAssembliesLoaded (0ms)
			ExecutionOrderSort2 (0ms)
			AwakeInstancesAfterBackupRestoration (0ms)
Platform modules already initialized, skipping
Registering precompiled user dll's ...
Registered in 0.003841 seconds.
Begin MonoManager ReloadAssembly
Native extension for WindowsStandalone target not found
Refreshing native plugins compatible for Editor in 58.01 ms, found 3 plugins.
Preloading 0 native plugins for Editor in 0.00 ms.
Mono: successfully reloaded assembly
- Completed reload, in  1.257 seconds
Domain Reload Profiling:
	ReloadAssembly (1258ms)
		BeginReloadAssembly (178ms)
			ExecutionOrderSort (0ms)
			DisableScriptedObjects (8ms)
			BackupInstance (0ms)
			ReleaseScriptingObjects (0ms)
			CreateAndSetChildDomain (23ms)
		EndReloadAssembly (1012ms)
			LoadAssemblies (112ms)
			RebuildTransferFunctionScriptingTraits (0ms)
			SetupTypeCache (328ms)
			ReleaseScriptCaches (1ms)
			RebuildScriptCaches (55ms)
			SetupLoadedEditorAssemblies (400ms)
				LogAssemblyErrors (0ms)
				InitializePlatformSupportModulesInManaged (4ms)
				SetLoadedEditorAssemblies (0ms)
				RefreshPlugins (58ms)
				BeforeProcessingInitializeOnLoad (79ms)
				ProcessInitializeOnLoadAttributes (226ms)
				ProcessInitializeOnLoadMethodAttributes (25ms)
				AfterProcessingInitializeOnLoad (7ms)
				EditorAssembliesLoaded (0ms)
			ExecutionOrderSort2 (0ms)
			AwakeInstancesAfterBackupRestoration (2ms)
Platform modules already initialized, skipping
========================================================================
Worker process is ready to serve import requests
Launched and connected shader compiler UnityShaderCompiler.exe after 0.04 seconds
Refreshing native plugins compatible for Editor in 0.63 ms, found 3 plugins.
Preloading 0 native plugins for Editor in 0.00 ms.
Unloading 2312 Unused Serialized files (Serialized files now loaded: 0)
System memory in use before: 102.6 MB.
System memory in use after: 102.8 MB.

Unloading 25 unused Assets to reduce memory usage. Loaded Objects now: 2752.
Total: 4.433100 ms (FindLiveObjects: 0.577200 ms CreateObjectMapping: 0.277500 ms MarkObjects: 3.465100 ms  DeleteObjects: 0.112700 ms)

AssetImportParameters requested are different than current active one (requested -> active):
  custom:framework-win-MediaFoundation: 216162199b28c13a410421893ffa2e32 -> 
  custom:video-decoder-ogg-theora: a1e56fd34408186e4bbccfd4996cb3dc -> 
  custom:container-muxer-webm: aa71ff27fc2769a1b78a27578f13a17b -> 
  custom:container-demuxer-webm: 4f35f7cbe854078d1ac9338744f61a02 -> 
  custom:container-demuxer-ogg: 62fdf1f143b41e24485cea50d1cbac27 -> 
  custom:video-encoder-webm-vp8: eb34c28f22e8b96e1ab97ce403110664 -> 
  custom:video-decoder-webm-vp8: 9c59270c3fd7afecdb556c50c9e8de78 -> 
  custom:audio-decoder-ogg-vorbis: bf7c407c2cedff20999df2af8eb42d56 -> 
  custom:audio-encoder-webm-vorbis: bf7c407c2cedff20999df2af8eb42d56 -> 
========================================================================
Received Import Request.
  path: Assets/Tree1_1 1.prefab
  artifactKey: Guid(1d7dfa798c56f0c42ac240ebf7744e86) Importer(815301076,1909f56bfc062723c751e8b465ee728b)
Start importing Assets/Tree1_1 1.prefab using Guid(1d7dfa798c56f0c42ac240ebf7744e86) Importer(815301076,1909f56bfc062723c751e8b465ee728b)  -> (artifact id: 'e8778bb51d901e12be39c7728f091dde') in 0.122455 seconds 
========================================================================
Received Prepare
Registering precompiled user dll's ...
Registered in 0.003594 seconds.
Begin MonoManager ReloadAssembly
Native extension for WindowsStandalone target not found
Refreshing native plugins compatible for Editor in 0.66 ms, found 3 plugins.
Preloading 0 native plugins for Editor in 0.00 ms.
Mono: successfully reloaded assembly
- Completed reload, in  1.264 seconds
Domain Reload Profiling:
	ReloadAssembly (1265ms)
		BeginReloadAssembly (135ms)
			ExecutionOrderSort (0ms)
			DisableScriptedObjects (6ms)
			BackupInstance (0ms)
			ReleaseScriptingObjects (0ms)
			CreateAndSetChildDomain (42ms)
		EndReloadAssembly (1062ms)
			LoadAssemblies (111ms)
			RebuildTransferFunctionScriptingTraits (0ms)
			SetupTypeCache (328ms)
			ReleaseScriptCaches (1ms)
			RebuildScriptCaches (104ms)
			SetupLoadedEditorAssemblies (333ms)
				LogAssemblyErrors (0ms)
				InitializePlatformSupportModulesInManaged (5ms)
				SetLoadedEditorAssemblies (1ms)
				RefreshPlugins (1ms)
				BeforeProcessingInitializeOnLoad (72ms)
				ProcessInitializeOnLoadAttributes (230ms)
				ProcessInitializeOnLoadMethodAttributes (18ms)
				AfterProcessingInitializeOnLoad (7ms)
				EditorAssembliesLoaded (0ms)
			ExecutionOrderSort2 (0ms)
			AwakeInstancesAfterBackupRestoration (5ms)
Platform modules already initialized, skipping
Switching build target platform(19) subTarget(0) extendedPlatform(0) -> platform(13) subTarget(537395200) extendedPlatform(0)
Refreshing native plugins compatible for Editor in 0.64 ms, found 3 plugins.
Preloading 0 native plugins for Editor in 0.00 ms.
Unloading 2291 Unused Serialized files (Serialized files now loaded: 0)
System memory in use before: 103.6 MB.
System memory in use after: 103.8 MB.

Unloading 14 unused Assets to reduce memory usage. Loaded Objects now: 2762.
Total: 3.850100 ms (FindLiveObjects: 0.279300 ms CreateObjectMapping: 0.230000 ms MarkObjects: 3.296000 ms  DeleteObjects: 0.043900 ms)

AssetImportParameters requested are different than current active one (requested -> active):
  custom:framework-win-MediaFoundation: 216162199b28c13a410421893ffa2e32 -> 
  custom:video-decoder-ogg-theora: a1e56fd34408186e4bbccfd4996cb3dc -> 
  custom:container-muxer-webm: aa71ff27fc2769a1b78a27578f13a17b -> 
  custom:container-demuxer-webm: 4f35f7cbe854078d1ac9338744f61a02 -> 
  custom:container-demuxer-ogg: 62fdf1f143b41e24485cea50d1cbac27 -> 
  custom:video-encoder-webm-vp8: eb34c28f22e8b96e1ab97ce403110664 -> 
  custom:video-decoder-webm-vp8: 9c59270c3fd7afecdb556c50c9e8de78 -> 
  custom:graphics/normal-map-encoding: 01000000000000000000000000000000 -> 02000000000000000000000000000000
  custom:audio-decoder-ogg-vorbis: bf7c407c2cedff20999df2af8eb42d56 -> 
  custom:audio-encoder-webm-vorbis: bf7c407c2cedff20999df2af8eb42d56 -> 
========================================================================
Received Prepare
Registering precompiled user dll's ...
Registered in 0.003456 seconds.
Begin MonoManager ReloadAssembly
Native extension for WindowsStandalone target not found
Refreshing native plugins compatible for Editor in 0.59 ms, found 3 plugins.
Preloading 0 native plugins for Editor in 0.00 ms.
Mono: successfully reloaded assembly
- Completed reload, in  1.204 seconds
Domain Reload Profiling:
	ReloadAssembly (1204ms)
		BeginReloadAssembly (129ms)
			ExecutionOrderSort (0ms)
			DisableScriptedObjects (7ms)
			BackupInstance (0ms)
			ReleaseScriptingObjects (0ms)
			CreateAndSetChildDomain (39ms)
		EndReloadAssembly (1008ms)
			LoadAssemblies (109ms)
			RebuildTransferFunctionScriptingTraits (0ms)
			SetupTypeCache (428ms)
			ReleaseScriptCaches (1ms)
			RebuildScriptCaches (46ms)
			SetupLoadedEditorAssemblies (315ms)
				LogAssemblyErrors (0ms)
				InitializePlatformSupportModulesInManaged (4ms)
				SetLoadedEditorAssemblies (1ms)
				RefreshPlugins (1ms)
				BeforeProcessingInitializeOnLoad (69ms)
				ProcessInitializeOnLoadAttributes (216ms)
				ProcessInitializeOnLoadMethodAttributes (18ms)
				AfterProcessingInitializeOnLoad (7ms)
				EditorAssembliesLoaded (0ms)
			ExecutionOrderSort2 (0ms)
			AwakeInstancesAfterBackupRestoration (5ms)
Platform modules already initialized, skipping
Switching build target platform(19) subTarget(0) extendedPlatform(0) -> platform(13) subTarget(537395200) extendedPlatform(0)
Refreshing native plugins compatible for Editor in 0.63 ms, found 3 plugins.
Preloading 0 native plugins for Editor in 0.00 ms.
Unloading 2291 Unused Serialized files (Serialized files now loaded: 0)
System memory in use before: 103.7 MB.
System memory in use after: 103.9 MB.

Unloading 14 unused Assets to reduce memory usage. Loaded Objects now: 2765.
Total: 3.423000 ms (FindLiveObjects: 0.214400 ms CreateObjectMapping: 0.106600 ms MarkObjects: 3.049300 ms  DeleteObjects: 0.052000 ms)

AssetImportParameters requested are different than current active one (requested -> active):
  custom:framework-win-MediaFoundation: 216162199b28c13a410421893ffa2e32 -> 
  custom:video-decoder-ogg-theora: a1e56fd34408186e4bbccfd4996cb3dc -> 
  custom:container-muxer-webm: aa71ff27fc2769a1b78a27578f13a17b -> 
  custom:container-demuxer-webm: 4f35f7cbe854078d1ac9338744f61a02 -> 
  custom:container-demuxer-ogg: 62fdf1f143b41e24485cea50d1cbac27 -> 
  custom:video-encoder-webm-vp8: eb34c28f22e8b96e1ab97ce403110664 -> 
  custom:video-decoder-webm-vp8: 9c59270c3fd7afecdb556c50c9e8de78 -> 
  custom:graphics/normal-map-encoding: 01000000000000000000000000000000 -> 02000000000000000000000000000000
  custom:audio-decoder-ogg-vorbis: bf7c407c2cedff20999df2af8eb42d56 -> 
  custom:audio-encoder-webm-vorbis: bf7c407c2cedff20999df2af8eb42d56 -> 
========================================================================
Received Prepare
Registering precompiled user dll's ...
Registered in 0.011825 seconds.
Begin MonoManager ReloadAssembly
Native extension for WindowsStandalone target not found
Refreshing native plugins compatible for Editor in 0.61 ms, found 3 plugins.
Preloading 0 native plugins for Editor in 0.00 ms.
Mono: successfully reloaded assembly
- Completed reload, in  1.112 seconds
Domain Reload Profiling:
	ReloadAssembly (1112ms)
		BeginReloadAssembly (129ms)
			ExecutionOrderSort (0ms)
			DisableScriptedObjects (7ms)
			BackupInstance (0ms)
			ReleaseScriptingObjects (0ms)
			CreateAndSetChildDomain (39ms)
		EndReloadAssembly (916ms)
			LoadAssemblies (109ms)
			RebuildTransferFunctionScriptingTraits (0ms)
			SetupTypeCache (313ms)
			ReleaseScriptCaches (1ms)
			RebuildScriptCaches (46ms)
			SetupLoadedEditorAssemblies (315ms)
				LogAssemblyErrors (0ms)
				InitializePlatformSupportModulesInManaged (4ms)
				SetLoadedEditorAssemblies (1ms)
				RefreshPlugins (1ms)
				BeforeProcessingInitializeOnLoad (70ms)
				ProcessInitializeOnLoadAttributes (215ms)
				ProcessInitializeOnLoadMethodAttributes (18ms)
				AfterProcessingInitializeOnLoad (7ms)
				EditorAssembliesLoaded (0ms)
			ExecutionOrderSort2 (0ms)
			AwakeInstancesAfterBackupRestoration (5ms)
Platform modules already initialized, skipping
Switching build target platform(19) subTarget(0) extendedPlatform(0) -> platform(13) subTarget(537395200) extendedPlatform(0)
Refreshing native plugins compatible for Editor in 0.61 ms, found 3 plugins.
Preloading 0 native plugins for Editor in 0.00 ms.
Unloading 2291 Unused Serialized files (Serialized files now loaded: 0)
System memory in use before: 103.7 MB.
System memory in use after: 103.9 MB.

Unloading 14 unused Assets to reduce memory usage. Loaded Objects now: 2768.
Total: 3.528500 ms (FindLiveObjects: 0.215900 ms CreateObjectMapping: 0.118400 ms MarkObjects: 3.140600 ms  DeleteObjects: 0.052200 ms)

AssetImportParameters requested are different than current active one (requested -> active):
  custom:framework-win-MediaFoundation: 216162199b28c13a410421893ffa2e32 -> 
  custom:video-decoder-ogg-theora: a1e56fd34408186e4bbccfd4996cb3dc -> 
  custom:container-muxer-webm: aa71ff27fc2769a1b78a27578f13a17b -> 
  custom:container-demuxer-webm: 4f35f7cbe854078d1ac9338744f61a02 -> 
  custom:container-demuxer-ogg: 62fdf1f143b41e24485cea50d1cbac27 -> 
  custom:video-encoder-webm-vp8: eb34c28f22e8b96e1ab97ce403110664 -> 
  custom:video-decoder-webm-vp8: 9c59270c3fd7afecdb556c50c9e8de78 -> 
  custom:graphics/normal-map-encoding: 01000000000000000000000000000000 -> 02000000000000000000000000000000
  custom:audio-decoder-ogg-vorbis: bf7c407c2cedff20999df2af8eb42d56 -> 
  custom:audio-encoder-webm-vorbis: bf7c407c2cedff20999df2af8eb42d56 -> 
========================================================================
Received Import Request.
  Time since last request: 1337.025629 seconds.
  path: Assets/Tree1_1 1.prefab
  artifactKey: Guid(1d7dfa798c56f0c42ac240ebf7744e86) Importer(815301076,1909f56bfc062723c751e8b465ee728b)
Start importing Assets/Tree1_1 1.prefab using Guid(1d7dfa798c56f0c42ac240ebf7744e86) Importer(815301076,1909f56bfc062723c751e8b465ee728b)  -> (artifact id: 'f0d7172fd133fc5f53fdf3b043f66c07') in 0.078909 seconds 
========================================================================
Received Prepare
Registering precompiled user dll's ...
Registered in 0.003450 seconds.
Begin MonoManager ReloadAssembly
Native extension for WindowsStandalone target not found
Refreshing native plugins compatible for Editor in 0.64 ms, found 3 plugins.
Preloading 0 native plugins for Editor in 0.00 ms.
Mono: successfully reloaded assembly
- Completed reload, in  1.182 seconds
Domain Reload Profiling:
	ReloadAssembly (1183ms)
		BeginReloadAssembly (152ms)
			ExecutionOrderSort (0ms)
			DisableScriptedObjects (6ms)
			BackupInstance (0ms)
			ReleaseScriptingObjects (0ms)
			CreateAndSetChildDomain (57ms)
		EndReloadAssembly (955ms)
			LoadAssemblies (116ms)
			RebuildTransferFunctionScriptingTraits (0ms)
			SetupTypeCache (337ms)
			ReleaseScriptCaches (1ms)
			RebuildScriptCaches (47ms)
			SetupLoadedEditorAssemblies (317ms)
				LogAssemblyErrors (0ms)
				InitializePlatformSupportModulesInManaged (5ms)
				SetLoadedEditorAssemblies (1ms)
				RefreshPlugins (1ms)
				BeforeProcessingInitializeOnLoad (71ms)
				ProcessInitializeOnLoadAttributes (216ms)
				ProcessInitializeOnLoadMethodAttributes (17ms)
				AfterProcessingInitializeOnLoad (7ms)
				EditorAssembliesLoaded (0ms)
			ExecutionOrderSort2 (0ms)
			AwakeInstancesAfterBackupRestoration (5ms)
Platform modules already initialized, skipping
Switching build target platform(19) subTarget(0) extendedPlatform(0) -> platform(13) subTarget(537395200) extendedPlatform(0)
Refreshing native plugins compatible for Editor in 0.65 ms, found 3 plugins.
Preloading 0 native plugins for Editor in 0.00 ms.
Unloading 2291 Unused Serialized files (Serialized files now loaded: 0)
System memory in use before: 103.7 MB.
System memory in use after: 103.9 MB.

Unloading 14 unused Assets to reduce memory usage. Loaded Objects now: 2772.
Total: 3.917500 ms (FindLiveObjects: 0.252500 ms CreateObjectMapping: 0.211100 ms MarkObjects: 3.418800 ms  DeleteObjects: 0.034400 ms)

AssetImportParameters requested are different than current active one (requested -> active):
  custom:framework-win-MediaFoundation: 216162199b28c13a410421893ffa2e32 -> 
  custom:video-decoder-ogg-theora: a1e56fd34408186e4bbccfd4996cb3dc -> 
  custom:container-muxer-webm: aa71ff27fc2769a1b78a27578f13a17b -> 
  custom:container-demuxer-webm: 4f35f7cbe854078d1ac9338744f61a02 -> 
  custom:container-demuxer-ogg: 62fdf1f143b41e24485cea50d1cbac27 -> 
  custom:video-encoder-webm-vp8: eb34c28f22e8b96e1ab97ce403110664 -> 
  custom:video-decoder-webm-vp8: 9c59270c3fd7afecdb556c50c9e8de78 -> 
  custom:graphics/normal-map-encoding: 01000000000000000000000000000000 -> 02000000000000000000000000000000
  custom:audio-decoder-ogg-vorbis: bf7c407c2cedff20999df2af8eb42d56 -> 
  custom:audio-encoder-webm-vorbis: bf7c407c2cedff20999df2af8eb42d56 -> 
========================================================================
Received Import Request.
  Time since last request: 23.267456 seconds.
  path: Assets/Tree1_1 1.prefab
  artifactKey: Guid(1d7dfa798c56f0c42ac240ebf7744e86) Importer(815301076,1909f56bfc062723c751e8b465ee728b)
Start importing Assets/Tree1_1 1.prefab using Guid(1d7dfa798c56f0c42ac240ebf7744e86) Importer(815301076,1909f56bfc062723c751e8b465ee728b)  -> (artifact id: '383a26cc431732127391f12bf19e777c') in 0.071857 seconds 
========================================================================
Received Import Request.
  Time since last request: 14.056089 seconds.
  path: Assets/Tree1_1 1.prefab
  artifactKey: Guid(1d7dfa798c56f0c42ac240ebf7744e86) Importer(815301076,1909f56bfc062723c751e8b465ee728b)
Start importing Assets/Tree1_1 1.prefab using Guid(1d7dfa798c56f0c42ac240ebf7744e86) Importer(815301076,1909f56bfc062723c751e8b465ee728b)  -> (artifact id: '22b004f278be11a0fcbc9d5f1ea4da35') in 0.087812 seconds 
========================================================================
Received Prepare
Registering precompiled user dll's ...
Registered in 0.003659 seconds.
Begin MonoManager ReloadAssembly
Native extension for WindowsStandalone target not found
Refreshing native plugins compatible for Editor in 0.59 ms, found 3 plugins.
Preloading 0 native plugins for Editor in 0.00 ms.
Mono: successfully reloaded assembly
- Completed reload, in  1.238 seconds
Domain Reload Profiling:
	ReloadAssembly (1238ms)
		BeginReloadAssembly (126ms)
			ExecutionOrderSort (0ms)
			DisableScriptedObjects (7ms)
			BackupInstance (0ms)
			ReleaseScriptingObjects (0ms)
			CreateAndSetChildDomain (36ms)
		EndReloadAssembly (1045ms)
			LoadAssemblies (108ms)
			RebuildTransferFunctionScriptingTraits (0ms)
			SetupTypeCache (318ms)
			ReleaseScriptCaches (6ms)
			RebuildScriptCaches (82ms)
			SetupLoadedEditorAssemblies (348ms)
				LogAssemblyErrors (0ms)
				InitializePlatformSupportModulesInManaged (5ms)
				SetLoadedEditorAssemblies (1ms)
				RefreshPlugins (1ms)
				BeforeProcessingInitializeOnLoad (73ms)
				ProcessInitializeOnLoadAttributes (243ms)
				ProcessInitializeOnLoadMethodAttributes (19ms)
				AfterProcessingInitializeOnLoad (7ms)
				EditorAssembliesLoaded (0ms)
			ExecutionOrderSort2 (0ms)
			AwakeInstancesAfterBackupRestoration (5ms)
Platform modules already initialized, skipping
Switching build target platform(19) subTarget(0) extendedPlatform(0) -> platform(13) subTarget(537395200) extendedPlatform(0)
Refreshing native plugins compatible for Editor in 0.63 ms, found 3 plugins.
Preloading 0 native plugins for Editor in 0.00 ms.
Unloading 2291 Unused Serialized files (Serialized files now loaded: 0)
System memory in use before: 103.6 MB.
System memory in use after: 103.8 MB.

Unloading 14 unused Assets to reduce memory usage. Loaded Objects now: 2776.
Total: 3.162000 ms (FindLiveObjects: 0.204400 ms CreateObjectMapping: 0.119800 ms MarkObjects: 2.816800 ms  DeleteObjects: 0.019900 ms)

AssetImportParameters requested are different than current active one (requested -> active):
  custom:framework-win-MediaFoundation: 216162199b28c13a410421893ffa2e32 -> 
  custom:video-decoder-ogg-theora: a1e56fd34408186e4bbccfd4996cb3dc -> 
  custom:container-muxer-webm: aa71ff27fc2769a1b78a27578f13a17b -> 
  custom:container-demuxer-webm: 4f35f7cbe854078d1ac9338744f61a02 -> 
  custom:container-demuxer-ogg: 62fdf1f143b41e24485cea50d1cbac27 -> 
  custom:video-encoder-webm-vp8: eb34c28f22e8b96e1ab97ce403110664 -> 
  custom:video-decoder-webm-vp8: 9c59270c3fd7afecdb556c50c9e8de78 -> 
  custom:graphics/normal-map-encoding: 01000000000000000000000000000000 -> 02000000000000000000000000000000
  custom:audio-decoder-ogg-vorbis: bf7c407c2cedff20999df2af8eb42d56 -> 
  custom:audio-encoder-webm-vorbis: bf7c407c2cedff20999df2af8eb42d56 -> 
========================================================================
Received Prepare
Registering precompiled user dll's ...
Registered in 0.003340 seconds.
Begin MonoManager ReloadAssembly
Native extension for WindowsStandalone target not found
Refreshing native plugins compatible for Editor in 0.62 ms, found 3 plugins.
Preloading 0 native plugins for Editor in 0.00 ms.
Mono: successfully reloaded assembly
- Completed reload, in  1.249 seconds
Domain Reload Profiling:
	ReloadAssembly (1250ms)
		BeginReloadAssembly (238ms)
			ExecutionOrderSort (0ms)
			DisableScriptedObjects (89ms)
			BackupInstance (0ms)
			ReleaseScriptingObjects (0ms)
			CreateAndSetChildDomain (41ms)
		EndReloadAssembly (946ms)
			LoadAssemblies (113ms)
			RebuildTransferFunctionScriptingTraits (0ms)
			SetupTypeCache (315ms)
			ReleaseScriptCaches (1ms)
			RebuildScriptCaches (47ms)
			SetupLoadedEditorAssemblies (325ms)
				LogAssemblyErrors (0ms)
				InitializePlatformSupportModulesInManaged (5ms)
				SetLoadedEditorAssemblies (1ms)
				RefreshPlugins (1ms)
				BeforeProcessingInitializeOnLoad (70ms)
				ProcessInitializeOnLoadAttributes (222ms)
				ProcessInitializeOnLoadMethodAttributes (19ms)
				AfterProcessingInitializeOnLoad (7ms)
				EditorAssembliesLoaded (0ms)
			ExecutionOrderSort2 (0ms)
			AwakeInstancesAfterBackupRestoration (6ms)
Platform modules already initialized, skipping
Switching build target platform(19) subTarget(0) extendedPlatform(0) -> platform(13) subTarget(537395200) extendedPlatform(0)
Refreshing native plugins compatible for Editor in 0.62 ms, found 3 plugins.
Preloading 0 native plugins for Editor in 0.00 ms.
Unloading 2291 Unused Serialized files (Serialized files now loaded: 0)
System memory in use before: 103.7 MB.
System memory in use after: 103.9 MB.

Unloading 14 unused Assets to reduce memory usage. Loaded Objects now: 2779.
Total: 3.568400 ms (FindLiveObjects: 0.194900 ms CreateObjectMapping: 0.110200 ms MarkObjects: 3.239900 ms  DeleteObjects: 0.022300 ms)

AssetImportParameters requested are different than current active one (requested -> active):
  custom:framework-win-MediaFoundation: 216162199b28c13a410421893ffa2e32 -> 
  custom:video-decoder-ogg-theora: a1e56fd34408186e4bbccfd4996cb3dc -> 
  custom:container-muxer-webm: aa71ff27fc2769a1b78a27578f13a17b -> 
  custom:container-demuxer-webm: 4f35f7cbe854078d1ac9338744f61a02 -> 
  custom:container-demuxer-ogg: 62fdf1f143b41e24485cea50d1cbac27 -> 
  custom:video-encoder-webm-vp8: eb34c28f22e8b96e1ab97ce403110664 -> 
  custom:video-decoder-webm-vp8: 9c59270c3fd7afecdb556c50c9e8de78 -> 
  custom:graphics/normal-map-encoding: 01000000000000000000000000000000 -> 02000000000000000000000000000000
  custom:audio-decoder-ogg-vorbis: bf7c407c2cedff20999df2af8eb42d56 -> 
  custom:audio-encoder-webm-vorbis: bf7c407c2cedff20999df2af8eb42d56 -> 
========================================================================
Received Prepare
Registering precompiled user dll's ...
Registered in 0.003377 seconds.
Begin MonoManager ReloadAssembly
Native extension for WindowsStandalone target not found
Refreshing native plugins compatible for Editor in 0.71 ms, found 3 plugins.
Preloading 0 native plugins for Editor in 0.00 ms.
Mono: successfully reloaded assembly
- Completed reload, in  1.223 seconds
Domain Reload Profiling:
	ReloadAssembly (1224ms)
		BeginReloadAssembly (208ms)
			ExecutionOrderSort (0ms)
			DisableScriptedObjects (72ms)
			BackupInstance (0ms)
			ReleaseScriptingObjects (0ms)
			CreateAndSetChildDomain (43ms)
		EndReloadAssembly (943ms)
			LoadAssemblies (118ms)
			RebuildTransferFunctionScriptingTraits (0ms)
			SetupTypeCache (317ms)
			ReleaseScriptCaches (1ms)
			RebuildScriptCaches (47ms)
			SetupLoadedEditorAssemblies (325ms)
				LogAssemblyErrors (0ms)
				InitializePlatformSupportModulesInManaged (5ms)
				SetLoadedEditorAssemblies (1ms)
				RefreshPlugins (1ms)
				BeforeProcessingInitializeOnLoad (73ms)
				ProcessInitializeOnLoadAttributes (220ms)
				ProcessInitializeOnLoadMethodAttributes (18ms)
				AfterProcessingInitializeOnLoad (7ms)
				EditorAssembliesLoaded (0ms)
			ExecutionOrderSort2 (0ms)
			AwakeInstancesAfterBackupRestoration (5ms)
Platform modules already initialized, skipping
Switching build target platform(19) subTarget(0) extendedPlatform(0) -> platform(13) subTarget(537395200) extendedPlatform(0)
Refreshing native plugins compatible for Editor in 0.64 ms, found 3 plugins.
Preloading 0 native plugins for Editor in 0.00 ms.
Unloading 2291 Unused Serialized files (Serialized files now loaded: 0)
System memory in use before: 103.7 MB.
System memory in use after: 104.0 MB.

Unloading 14 unused Assets to reduce memory usage. Loaded Objects now: 2782.
Total: 4.429700 ms (FindLiveObjects: 0.272800 ms CreateObjectMapping: 0.216000 ms MarkObjects: 3.880700 ms  DeleteObjects: 0.058800 ms)

AssetImportParameters requested are different than current active one (requested -> active):
  custom:framework-win-MediaFoundation: 216162199b28c13a410421893ffa2e32 -> 
  custom:video-decoder-ogg-theora: a1e56fd34408186e4bbccfd4996cb3dc -> 
  custom:container-muxer-webm: aa71ff27fc2769a1b78a27578f13a17b -> 
  custom:container-demuxer-webm: 4f35f7cbe854078d1ac9338744f61a02 -> 
  custom:container-demuxer-ogg: 62fdf1f143b41e24485cea50d1cbac27 -> 
  custom:video-encoder-webm-vp8: eb34c28f22e8b96e1ab97ce403110664 -> 
  custom:video-decoder-webm-vp8: 9c59270c3fd7afecdb556c50c9e8de78 -> 
  custom:graphics/normal-map-encoding: 01000000000000000000000000000000 -> 02000000000000000000000000000000
  custom:audio-decoder-ogg-vorbis: bf7c407c2cedff20999df2af8eb42d56 -> 
  custom:audio-encoder-webm-vorbis: bf7c407c2cedff20999df2af8eb42d56 -> 
========================================================================
Received Import Request.
  Time since last request: 415.879262 seconds.
  path: Assets/Tree1_1 1.prefab
  artifactKey: Guid(1d7dfa798c56f0c42ac240ebf7744e86) Importer(815301076,1909f56bfc062723c751e8b465ee728b)
Start importing Assets/Tree1_1 1.prefab using Guid(1d7dfa798c56f0c42ac240ebf7744e86) Importer(815301076,1909f56bfc062723c751e8b465ee728b)  -> (artifact id: 'd8a8461758e2e3f2991c4c4f64861c96') in 0.215404 seconds 
========================================================================
Received Import Request.
  Time since last request: 46.561323 seconds.
  path: Assets/Scenes/GameOver.unity
  artifactKey: Guid(dabebc47611471b4a8a4892eba767a36) Importer(815301076,1909f56bfc062723c751e8b465ee728b)
Start importing Assets/Scenes/GameOver.unity using Guid(dabebc47611471b4a8a4892eba767a36) Importer(815301076,1909f56bfc062723c751e8b465ee728b)  -> (artifact id: '109c8e9b9dfc377a8cdc22046671ecee') in 0.043324 seconds 
========================================================================
Received Prepare
Registering precompiled user dll's ...
Registered in 0.003697 seconds.
Begin MonoManager ReloadAssembly
Native extension for WindowsStandalone target not found
Refreshing native plugins compatible for Editor in 0.61 ms, found 3 plugins.
Preloading 0 native plugins for Editor in 0.00 ms.
Mono: successfully reloaded assembly
- Completed reload, in  1.655 seconds
Domain Reload Profiling:
	ReloadAssembly (1656ms)
		BeginReloadAssembly (134ms)
			ExecutionOrderSort (0ms)
			DisableScriptedObjects (7ms)
			BackupInstance (0ms)
			ReleaseScriptingObjects (0ms)
			CreateAndSetChildDomain (40ms)
		EndReloadAssembly (1342ms)
			LoadAssemblies (225ms)
			RebuildTransferFunctionScriptingTraits (0ms)
			SetupTypeCache (448ms)
			ReleaseScriptCaches (1ms)
			RebuildScriptCaches (46ms)
			SetupLoadedEditorAssemblies (470ms)
				LogAssemblyErrors (0ms)
				InitializePlatformSupportModulesInManaged (5ms)
				SetLoadedEditorAssemblies (1ms)
				RefreshPlugins (1ms)
				BeforeProcessingInitializeOnLoad (71ms)
				ProcessInitializeOnLoadAttributes (367ms)
				ProcessInitializeOnLoadMethodAttributes (19ms)
				AfterProcessingInitializeOnLoad (7ms)
				EditorAssembliesLoaded (0ms)
			ExecutionOrderSort2 (0ms)
			AwakeInstancesAfterBackupRestoration (5ms)
Platform modules already initialized, skipping
Switching build target platform(19) subTarget(0) extendedPlatform(0) -> platform(13) subTarget(537395200) extendedPlatform(0)
Refreshing native plugins compatible for Editor in 0.61 ms, found 3 plugins.
Preloading 0 native plugins for Editor in 0.00 ms.
Unloading 2291 Unused Serialized files (Serialized files now loaded: 0)
System memory in use before: 103.7 MB.
System memory in use after: 104.0 MB.

Unloading 14 unused Assets to reduce memory usage. Loaded Objects now: 2786.
Total: 3.443000 ms (FindLiveObjects: 0.205200 ms CreateObjectMapping: 0.113100 ms MarkObjects: 3.079200 ms  DeleteObjects: 0.044300 ms)

AssetImportParameters requested are different than current active one (requested -> active):
  custom:framework-win-MediaFoundation: 216162199b28c13a410421893ffa2e32 -> 
  custom:video-decoder-ogg-theora: a1e56fd34408186e4bbccfd4996cb3dc -> 
  custom:container-muxer-webm: aa71ff27fc2769a1b78a27578f13a17b -> 
  custom:container-demuxer-webm: 4f35f7cbe854078d1ac9338744f61a02 -> 
  custom:container-demuxer-ogg: 62fdf1f143b41e24485cea50d1cbac27 -> 
  custom:video-encoder-webm-vp8: eb34c28f22e8b96e1ab97ce403110664 -> 
  custom:video-decoder-webm-vp8: 9c59270c3fd7afecdb556c50c9e8de78 -> 
  custom:graphics/normal-map-encoding: 01000000000000000000000000000000 -> 02000000000000000000000000000000
  custom:audio-decoder-ogg-vorbis: bf7c407c2cedff20999df2af8eb42d56 -> 
  custom:audio-encoder-webm-vorbis: bf7c407c2cedff20999df2af8eb42d56 -> 
========================================================================
Received Import Request.
  Time since last request: 134.565867 seconds.
  path: Assets/Scenes/HardLevel.unity
  artifactKey: Guid(28320c5ecffdb36458247d7f56a06fd6) Importer(815301076,1909f56bfc062723c751e8b465ee728b)
Start importing Assets/Scenes/HardLevel.unity using Guid(28320c5ecffdb36458247d7f56a06fd6) Importer(815301076,1909f56bfc062723c751e8b465ee728b)  -> (artifact id: '72b165ab36d6118c9abed2e3acede6fb') in 0.047151 seconds 
========================================================================
Received Import Request.
  Time since last request: 1262.759560 seconds.
  path: Assets/Scenes/GameOver.unity
  artifactKey: Guid(dabebc47611471b4a8a4892eba767a36) Importer(815301076,1909f56bfc062723c751e8b465ee728b)
Start importing Assets/Scenes/GameOver.unity using Guid(dabebc47611471b4a8a4892eba767a36) Importer(815301076,1909f56bfc062723c751e8b465ee728b)  -> (artifact id: 'c119137a40fee0eae6e59536ae858cea') in 0.004234 seconds 
========================================================================
Received Prepare
Registering precompiled user dll's ...
Registered in 0.003465 seconds.
Begin MonoManager ReloadAssembly
Native extension for WindowsStandalone target not found
Refreshing native plugins compatible for Editor in 0.63 ms, found 3 plugins.
Preloading 0 native plugins for Editor in 0.00 ms.
Mono: successfully reloaded assembly
- Completed reload, in  1.379 seconds
Domain Reload Profiling:
	ReloadAssembly (1379ms)
		BeginReloadAssembly (130ms)
			ExecutionOrderSort (0ms)
			DisableScriptedObjects (7ms)
			BackupInstance (0ms)
			ReleaseScriptingObjects (0ms)
			CreateAndSetChildDomain (39ms)
		EndReloadAssembly (1181ms)
			LoadAssemblies (112ms)
			RebuildTransferFunctionScriptingTraits (0ms)
			SetupTypeCache (334ms)
			ReleaseScriptCaches (2ms)
			RebuildScriptCaches (167ms)
			SetupLoadedEditorAssemblies (330ms)
				LogAssemblyErrors (0ms)
				InitializePlatformSupportModulesInManaged (5ms)
				SetLoadedEditorAssemblies (1ms)
				RefreshPlugins (1ms)
				BeforeProcessingInitializeOnLoad (70ms)
				ProcessInitializeOnLoadAttributes (230ms)
				ProcessInitializeOnLoadMethodAttributes (17ms)
				AfterProcessingInitializeOnLoad (7ms)
				EditorAssembliesLoaded (0ms)
			ExecutionOrderSort2 (0ms)
			AwakeInstancesAfterBackupRestoration (5ms)
Platform modules already initialized, skipping
Switching build target platform(19) subTarget(0) extendedPlatform(0) -> platform(13) subTarget(537395200) extendedPlatform(0)
Refreshing native plugins compatible for Editor in 0.63 ms, found 3 plugins.
Preloading 0 native plugins for Editor in 0.00 ms.
Unloading 2291 Unused Serialized files (Serialized files now loaded: 0)
System memory in use before: 103.8 MB.
System memory in use after: 104.0 MB.

Unloading 14 unused Assets to reduce memory usage. Loaded Objects now: 2789.
Total: 3.964800 ms (FindLiveObjects: 0.254100 ms CreateObjectMapping: 0.225800 ms MarkObjects: 3.423400 ms  DeleteObjects: 0.060700 ms)

AssetImportParameters requested are different than current active one (requested -> active):
  custom:framework-win-MediaFoundation: 216162199b28c13a410421893ffa2e32 -> 
  custom:video-decoder-ogg-theora: a1e56fd34408186e4bbccfd4996cb3dc -> 
  custom:container-muxer-webm: aa71ff27fc2769a1b78a27578f13a17b -> 
  custom:container-demuxer-webm: 4f35f7cbe854078d1ac9338744f61a02 -> 
  custom:container-demuxer-ogg: 62fdf1f143b41e24485cea50d1cbac27 -> 
  custom:video-encoder-webm-vp8: eb34c28f22e8b96e1ab97ce403110664 -> 
  custom:video-decoder-webm-vp8: 9c59270c3fd7afecdb556c50c9e8de78 -> 
  custom:graphics/normal-map-encoding: 01000000000000000000000000000000 -> 02000000000000000000000000000000
  custom:audio-decoder-ogg-vorbis: bf7c407c2cedff20999df2af8eb42d56 -> 
  custom:audio-encoder-webm-vorbis: bf7c407c2cedff20999df2af8eb42d56 -> 
========================================================================
Received Import Request.
  Time since last request: 107.157238 seconds.
  path: Assets/Scenes/GameOver.unity
  artifactKey: Guid(dabebc47611471b4a8a4892eba767a36) Importer(815301076,1909f56bfc062723c751e8b465ee728b)
Start importing Assets/Scenes/GameOver.unity using Guid(dabebc47611471b4a8a4892eba767a36) Importer(815301076,1909f56bfc062723c751e8b465ee728b)  -> (artifact id: '7ada2d015a328e15a2c534ecae95d84b') in 0.034883 seconds 
========================================================================
Received Import Request.
  Time since last request: 38.370048 seconds.
  path: Assets/Scenes/mainmenu.unity
  artifactKey: Guid(0205cf0f86df8e843bcd797e9adfa07d) Importer(815301076,1909f56bfc062723c751e8b465ee728b)
Start importing Assets/Scenes/mainmenu.unity using Guid(0205cf0f86df8e843bcd797e9adfa07d) Importer(815301076,1909f56bfc062723c751e8b465ee728b)  -> (artifact id: '07af250acf7327c7552d6ad555b7419b') in 0.052726 seconds 
========================================================================
Received Import Request.
  Time since last request: 15.025753 seconds.
  path: Assets/TextMesh Pro/Fonts/LiberationSans.ttf
  artifactKey: Guid(e3265ab4bf004d28a9537516768c1c75) Importer(815301076,1909f56bfc062723c751e8b465ee728b)
Start importing Assets/TextMesh Pro/Fonts/LiberationSans.ttf using Guid(e3265ab4bf004d28a9537516768c1c75) Importer(815301076,1909f56bfc062723c751e8b465ee728b)  -> (artifact id: '246556da8ee308a88cd64dac11bb5e10') in 0.715958 seconds 
========================================================================
Received Import Request.
  Time since last request: 779.918768 seconds.
  path: Assets/Scenes/mainmenu.unity
  artifactKey: Guid(0205cf0f86df8e843bcd797e9adfa07d) Importer(815301076,1909f56bfc062723c751e8b465ee728b)
Start importing Assets/Scenes/mainmenu.unity using Guid(0205cf0f86df8e843bcd797e9adfa07d) Importer(815301076,1909f56bfc062723c751e8b465ee728b)  -> (artifact id: '6ce947722912d021fc65338d5b80d06d') in 0.035521 seconds 
========================================================================
Received Import Request.
  Time since last request: 2.746114 seconds.
  path: Assets/Scenes/GameOver.unity
  artifactKey: Guid(dabebc47611471b4a8a4892eba767a36) Importer(815301076,1909f56bfc062723c751e8b465ee728b)
Start importing Assets/Scenes/GameOver.unity using Guid(dabebc47611471b4a8a4892eba767a36) Importer(815301076,1909f56bfc062723c751e8b465ee728b)  -> (artifact id: 'fd4681778049f683e864f3a735fcd741') in 0.025243 seconds 
========================================================================
Received Prepare
Registering precompiled user dll's ...
Registered in 0.003456 seconds.
Begin MonoManager ReloadAssembly
Native extension for WindowsStandalone target not found
Refreshing native plugins compatible for Editor in 0.58 ms, found 3 plugins.
Preloading 0 native plugins for Editor in 0.00 ms.
Mono: successfully reloaded assembly
- Completed reload, in  1.300 seconds
Domain Reload Profiling:
	ReloadAssembly (1300ms)
		BeginReloadAssembly (130ms)
			ExecutionOrderSort (0ms)
			DisableScriptedObjects (6ms)
			BackupInstance (0ms)
			ReleaseScriptingObjects (0ms)
			CreateAndSetChildDomain (40ms)
		EndReloadAssembly (1103ms)
			LoadAssemblies (162ms)
			RebuildTransferFunctionScriptingTraits (0ms)
			SetupTypeCache (344ms)
			ReleaseScriptCaches (1ms)
			RebuildScriptCaches (47ms)
			SetupLoadedEditorAssemblies (363ms)
				LogAssemblyErrors (0ms)
				InitializePlatformSupportModulesInManaged (5ms)
				SetLoadedEditorAssemblies (1ms)
				RefreshPlugins (1ms)
				BeforeProcessingInitializeOnLoad (83ms)
				ProcessInitializeOnLoadAttributes (248ms)
				ProcessInitializeOnLoadMethodAttributes (18ms)
				AfterProcessingInitializeOnLoad (8ms)
				EditorAssembliesLoaded (0ms)
			ExecutionOrderSort2 (0ms)
			AwakeInstancesAfterBackupRestoration (5ms)
Platform modules already initialized, skipping
Switching build target platform(19) subTarget(0) extendedPlatform(0) -> platform(13) subTarget(537395200) extendedPlatform(0)
Refreshing native plugins compatible for Editor in 0.64 ms, found 3 plugins.
Preloading 0 native plugins for Editor in 0.00 ms.
Unloading 2291 Unused Serialized files (Serialized files now loaded: 0)
System memory in use before: 104.0 MB.
System memory in use after: 104.2 MB.

Unloading 14 unused Assets to reduce memory usage. Loaded Objects now: 2830.
Total: 4.329100 ms (FindLiveObjects: 0.277700 ms CreateObjectMapping: 0.219600 ms MarkObjects: 3.807000 ms  DeleteObjects: 0.023500 ms)

AssetImportParameters requested are different than current active one (requested -> active):
  custom:framework-win-MediaFoundation: 216162199b28c13a410421893ffa2e32 -> 
  custom:video-decoder-ogg-theora: a1e56fd34408186e4bbccfd4996cb3dc -> 
  custom:container-muxer-webm: aa71ff27fc2769a1b78a27578f13a17b -> 
  custom:container-demuxer-webm: 4f35f7cbe854078d1ac9338744f61a02 -> 
  custom:container-demuxer-ogg: 62fdf1f143b41e24485cea50d1cbac27 -> 
  custom:video-encoder-webm-vp8: eb34c28f22e8b96e1ab97ce403110664 -> 
  custom:video-decoder-webm-vp8: 9c59270c3fd7afecdb556c50c9e8de78 -> 
  custom:graphics/normal-map-encoding: 01000000000000000000000000000000 -> 02000000000000000000000000000000
  custom:audio-decoder-ogg-vorbis: bf7c407c2cedff20999df2af8eb42d56 -> 
  custom:audio-encoder-webm-vorbis: bf7c407c2cedff20999df2af8eb42d56 -> 
========================================================================
Received Import Request.
  Time since last request: 63.788517 seconds.
  path: Assets/Scenes/GameOver.unity
  artifactKey: Guid(dabebc47611471b4a8a4892eba767a36) Importer(815301076,1909f56bfc062723c751e8b465ee728b)
Start importing Assets/Scenes/GameOver.unity using Guid(dabebc47611471b4a8a4892eba767a36) Importer(815301076,1909f56bfc062723c751e8b465ee728b)  -> (artifact id: 'dc92ef3dae6feb02e8674afdd81cfdbe') in 0.051416 seconds 
========================================================================
Received Import Request.
  Time since last request: 10.941356 seconds.
  path: Assets/Scenes/mainmenu.unity
  artifactKey: Guid(0205cf0f86df8e843bcd797e9adfa07d) Importer(815301076,1909f56bfc062723c751e8b465ee728b)
Start importing Assets/Scenes/mainmenu.unity using Guid(0205cf0f86df8e843bcd797e9adfa07d) Importer(815301076,1909f56bfc062723c751e8b465ee728b)  -> (artifact id: '5c42ce2c473e6dc6b304ebc23db1d142') in 0.030347 seconds 
========================================================================
Received Import Request.
  Time since last request: 27.962984 seconds.
  path: Assets/Scenes/GameScene.unity
  artifactKey: Guid(2cda990e2423bbf4892e6590ba056729) Importer(815301076,1909f56bfc062723c751e8b465ee728b)
Start importing Assets/Scenes/GameScene.unity using Guid(2cda990e2423bbf4892e6590ba056729) Importer(815301076,1909f56bfc062723c751e8b465ee728b)  -> (artifact id: '8dcd0d0e20dff487033e529e31adea6c') in 0.039619 seconds 
========================================================================
Received Import Request.
  Time since last request: 5.274852 seconds.
  path: Assets/Scenes/mainmenu.unity
  artifactKey: Guid(0205cf0f86df8e843bcd797e9adfa07d) Importer(815301076,1909f56bfc062723c751e8b465ee728b)
Start importing Assets/Scenes/mainmenu.unity using Guid(0205cf0f86df8e843bcd797e9adfa07d) Importer(815301076,1909f56bfc062723c751e8b465ee728b)  -> (artifact id: 'c389b94cbeb4feaabe82b18795c60373') in 0.029305 seconds 
========================================================================
Received Prepare
Registering precompiled user dll's ...
Registered in 0.014565 seconds.
Begin MonoManager ReloadAssembly
Native extension for WindowsStandalone target not found
Refreshing native plugins compatible for Editor in 0.64 ms, found 3 plugins.
Preloading 0 native plugins for Editor in 0.00 ms.
Mono: successfully reloaded assembly
- Completed reload, in  1.392 seconds
Domain Reload Profiling:
	ReloadAssembly (1395ms)
		BeginReloadAssembly (145ms)
			ExecutionOrderSort (0ms)
			DisableScriptedObjects (8ms)
			BackupInstance (0ms)
			ReleaseScriptingObjects (0ms)
			CreateAndSetChildDomain (39ms)
		EndReloadAssembly (1148ms)
			LoadAssemblies (127ms)
			RebuildTransferFunctionScriptingTraits (0ms)
			SetupTypeCache (402ms)
			ReleaseScriptCaches (2ms)
			RebuildScriptCaches (61ms)
			SetupLoadedEditorAssemblies (339ms)
				LogAssemblyErrors (0ms)
				InitializePlatformSupportModulesInManaged (5ms)
				SetLoadedEditorAssemblies (1ms)
				RefreshPlugins (1ms)
				BeforeProcessingInitializeOnLoad (72ms)
				ProcessInitializeOnLoadAttributes (235ms)
				ProcessInitializeOnLoadMethodAttributes (18ms)
				AfterProcessingInitializeOnLoad (7ms)
				EditorAssembliesLoaded (0ms)
			ExecutionOrderSort2 (0ms)
			AwakeInstancesAfterBackupRestoration (5ms)
Platform modules already initialized, skipping
Switching build target platform(19) subTarget(0) extendedPlatform(0) -> platform(13) subTarget(537395200) extendedPlatform(0)
Refreshing native plugins compatible for Editor in 0.65 ms, found 3 plugins.
Preloading 0 native plugins for Editor in 0.00 ms.
Unloading 2291 Unused Serialized files (Serialized files now loaded: 0)
System memory in use before: 104.1 MB.
System memory in use after: 104.3 MB.

Unloading 14 unused Assets to reduce memory usage. Loaded Objects now: 2833.
Total: 3.798500 ms (FindLiveObjects: 0.275700 ms CreateObjectMapping: 0.207000 ms MarkObjects: 3.285000 ms  DeleteObjects: 0.030000 ms)

AssetImportParameters requested are different than current active one (requested -> active):
  custom:framework-win-MediaFoundation: 216162199b28c13a410421893ffa2e32 -> 
  custom:video-decoder-ogg-theora: a1e56fd34408186e4bbccfd4996cb3dc -> 
  custom:container-muxer-webm: aa71ff27fc2769a1b78a27578f13a17b -> 
  custom:container-demuxer-webm: 4f35f7cbe854078d1ac9338744f61a02 -> 
  custom:container-demuxer-ogg: 62fdf1f143b41e24485cea50d1cbac27 -> 
  custom:video-encoder-webm-vp8: eb34c28f22e8b96e1ab97ce403110664 -> 
  custom:video-decoder-webm-vp8: 9c59270c3fd7afecdb556c50c9e8de78 -> 
  custom:graphics/normal-map-encoding: 01000000000000000000000000000000 -> 02000000000000000000000000000000
  custom:audio-decoder-ogg-vorbis: bf7c407c2cedff20999df2af8eb42d56 -> 
  custom:audio-encoder-webm-vorbis: bf7c407c2cedff20999df2af8eb42d56 -> 
========================================================================
Received Prepare
Refreshing native plugins compatible for Editor in 3.95 ms, found 3 plugins.
Preloading 0 native plugins for Editor in 0.00 ms.
Unloading 12 Unused Serialized files (Serialized files now loaded: 0)
System memory in use before: 59.0 MB.
System memory in use after: 59.3 MB.

Unloading 12 unused Assets to reduce memory usage. Loaded Objects now: 2833.
Total: 3.584100 ms (FindLiveObjects: 0.202200 ms CreateObjectMapping: 0.124700 ms MarkObjects: 3.215400 ms  DeleteObjects: 0.040800 ms)

AssetImportParameters requested are different than current active one (requested -> active):
  custom:framework-win-MediaFoundation: 216162199b28c13a410421893ffa2e32 -> 
  custom:video-decoder-ogg-theora: a1e56fd34408186e4bbccfd4996cb3dc -> 
  custom:container-muxer-webm: aa71ff27fc2769a1b78a27578f13a17b -> 
  custom:container-demuxer-webm: 4f35f7cbe854078d1ac9338744f61a02 -> 
  custom:container-demuxer-ogg: 62fdf1f143b41e24485cea50d1cbac27 -> 
  custom:video-encoder-webm-vp8: eb34c28f22e8b96e1ab97ce403110664 -> 
  custom:video-decoder-webm-vp8: 9c59270c3fd7afecdb556c50c9e8de78 -> 
  custom:audio-decoder-ogg-vorbis: bf7c407c2cedff20999df2af8eb42d56 -> 
  custom:audio-encoder-webm-vorbis: bf7c407c2cedff20999df2af8eb42d56 -> 
========================================================================
Received Import Request.
  Time since last request: 422.097532 seconds.
  path: Assets/coin_gold.prefab
  artifactKey: Guid(b3c7d574348210b4ebc3b8a0d239a174) Importer(815301076,1909f56bfc062723c751e8b465ee728b)
Start importing Assets/coin_gold.prefab using Guid(b3c7d574348210b4ebc3b8a0d239a174) Importer(815301076,1909f56bfc062723c751e8b465ee728b)  -> (artifact id: 'dc7be0b7375095cd88b55689d214a5d6') in 0.092388 seconds 
========================================================================
Received Import Request.
  Time since last request: 5.895781 seconds.
  path: Assets/coin_gold.prefab
  artifactKey: Guid(b3c7d574348210b4ebc3b8a0d239a174) Importer(815301076,1909f56bfc062723c751e8b465ee728b)
Start importing Assets/coin_gold.prefab using Guid(b3c7d574348210b4ebc3b8a0d239a174) Importer(815301076,1909f56bfc062723c751e8b465ee728b)  -> (artifact id: 'a5cae10bd488355e224fae579e89c2d5') in 0.048032 seconds 
========================================================================
Received Import Request.
  Time since last request: 3.022268 seconds.
  path: Assets/coin_gold.prefab
  artifactKey: Guid(b3c7d574348210b4ebc3b8a0d239a174) Importer(815301076,1909f56bfc062723c751e8b465ee728b)
Start importing Assets/coin_gold.prefab using Guid(b3c7d574348210b4ebc3b8a0d239a174) Importer(815301076,1909f56bfc062723c751e8b465ee728b)  -> (artifact id: '358893dd612e1600f0b303b94123e04b') in 0.025323 seconds 
========================================================================
Received Import Request.
  Time since last request: 7.316840 seconds.
  path: Assets/Pipes 1.prefab
  artifactKey: Guid(e8c6ec615f7e00f49972715fa4c0be6c) Importer(815301076,1909f56bfc062723c751e8b465ee728b)
Start importing Assets/Pipes 1.prefab using Guid(e8c6ec615f7e00f49972715fa4c0be6c) Importer(815301076,1909f56bfc062723c751e8b465ee728b)  -> (artifact id: '2ce63e9259620f6fd5fc19a1e8216122') in 0.033876 seconds 
========================================================================
Received Import Request.
  Time since last request: 2.097427 seconds.
  path: Assets/Pipes 1.prefab
  artifactKey: Guid(e8c6ec615f7e00f49972715fa4c0be6c) Importer(815301076,1909f56bfc062723c751e8b465ee728b)
Start importing Assets/Pipes 1.prefab using Guid(e8c6ec615f7e00f49972715fa4c0be6c) Importer(815301076,1909f56bfc062723c751e8b465ee728b)  -> (artifact id: '633d1d72c542d9256a832cfbbbff8146') in 0.029472 seconds 
========================================================================
Received Import Request.
  Time since last request: 9.758858 seconds.
  path: Assets/Tree1_1 1.prefab
  artifactKey: Guid(1d7dfa798c56f0c42ac240ebf7744e86) Importer(815301076,1909f56bfc062723c751e8b465ee728b)
Start importing Assets/Tree1_1 1.prefab using Guid(1d7dfa798c56f0c42ac240ebf7744e86) Importer(815301076,1909f56bfc062723c751e8b465ee728b)  -> (artifact id: '5c4066f246802f16ce231bba1c8c927a') in 0.122241 seconds 
========================================================================
Received Import Request.
  Time since last request: 343.374539 seconds.
  path: Assets/TreePack1_Free/TreePack1/Tree2
  artifactKey: Guid(945037c13c00846f58fb9398ea68b9aa) Importer(815301076,1909f56bfc062723c751e8b465ee728b)
Start importing Assets/TreePack1_Free/TreePack1/Tree2 using Guid(945037c13c00846f58fb9398ea68b9aa) Importer(815301076,1909f56bfc062723c751e8b465ee728b)  -> (artifact id: '577779f6375d5e43a87a9f31b2ec1222') in 0.038772 seconds 
========================================================================
Received Import Request.
  Time since last request: 1.280598 seconds.
  path: Assets/TreePack1_Free/TreePack1/Tree2/Texture
  artifactKey: Guid(281dab3631ef64488b0c75e114f23238) Importer(815301076,1909f56bfc062723c751e8b465ee728b)
Start importing Assets/TreePack1_Free/TreePack1/Tree2/Texture using Guid(281dab3631ef64488b0c75e114f23238) Importer(815301076,1909f56bfc062723c751e8b465ee728b)  -> (artifact id: '00d899ff4abc94f67d4926c81ef196e0') in 0.038187 seconds 
========================================================================
Received Import Request.
  Time since last request: 7.274685 seconds.
  path: Assets/TreePack1_Free/TreePack1/Tree3/Texture
  artifactKey: Guid(b861ae405dfd24efd842514d7f7ee6a0) Importer(815301076,1909f56bfc062723c751e8b465ee728b)
Start importing Assets/TreePack1_Free/TreePack1/Tree3/Texture using Guid(b861ae405dfd24efd842514d7f7ee6a0) Importer(815301076,1909f56bfc062723c751e8b465ee728b)  -> (artifact id: 'b9cc784bb6d05ac3f29439d67234f8c9') in 0.032002 seconds 
========================================================================
Received Import Request.
  Time since last request: 0.038721 seconds.
  path: Assets/TreePack1_Free/TreePack1/Tree3/Texture/Leaf1.png
  artifactKey: Guid(31b5e39fb697d4272825a3ad2bc234f3) Importer(815301076,1909f56bfc062723c751e8b465ee728b)
Start importing Assets/TreePack1_Free/TreePack1/Tree3/Texture/Leaf1.png using Guid(31b5e39fb697d4272825a3ad2bc234f3) Importer(815301076,1909f56bfc062723c751e8b465ee728b)  -> (artifact id: '9c2afc3cd22334e08d8dd09db5884510') in 0.127175 seconds 
========================================================================
Received Import Request.
  Time since last request: 0.000187 seconds.
  path: Assets/TreePack1_Free/TreePack1/Tree3/Texture/Leaf3.png
  artifactKey: Guid(2a18ddebfef2c4786b6d101753ae02cf) Importer(815301076,1909f56bfc062723c751e8b465ee728b)
Start importing Assets/TreePack1_Free/TreePack1/Tree3/Texture/Leaf3.png using Guid(2a18ddebfef2c4786b6d101753ae02cf) Importer(815301076,1909f56bfc062723c751e8b465ee728b)  -> (artifact id: '8811e38eea3fc8e1cd2518f01d278851') in 0.106149 seconds 
========================================================================
Received Import Request.
  Time since last request: 0.000172 seconds.
  path: Assets/TreePack1_Free/TreePack1/Tree3/Texture/Leaf7.png
  artifactKey: Guid(d673b633ee05d409db58ed96f7770975) Importer(815301076,1909f56bfc062723c751e8b465ee728b)
Start importing Assets/TreePack1_Free/TreePack1/Tree3/Texture/Leaf7.png using Guid(d673b633ee05d409db58ed96f7770975) Importer(815301076,1909f56bfc062723c751e8b465ee728b)  -> (artifact id: '1cea63aa86b994e68834406773cf8b66') in 0.070305 seconds 
========================================================================
Received Import Request.
  Time since last request: 0.000174 seconds.
  path: Assets/TreePack1_Free/TreePack1/Tree3/Texture/Tree3_1.png
  artifactKey: Guid(20a27e4cc268f4f1386527e9a72c7168) Importer(815301076,1909f56bfc062723c751e8b465ee728b)
Start importing Assets/TreePack1_Free/TreePack1/Tree3/Texture/Tree3_1.png using Guid(20a27e4cc268f4f1386527e9a72c7168) Importer(815301076,1909f56bfc062723c751e8b465ee728b)  -> (artifact id: '5f7ec04d6b0c991eb18df1e44bfa0f47') in 0.084323 seconds 
========================================================================
Received Import Request.
  Time since last request: 0.000166 seconds.
  path: Assets/TreePack1_Free/TreePack1/Tree3/Texture/Leaf9.png
  artifactKey: Guid(cc538a1913f5b416d9903755024098c9) Importer(815301076,1909f56bfc062723c751e8b465ee728b)
Start importing Assets/TreePack1_Free/TreePack1/Tree3/Texture/Leaf9.png using Guid(cc538a1913f5b416d9903755024098c9) Importer(815301076,1909f56bfc062723c751e8b465ee728b)  -> (artifact id: '97c4c3257a20498dd8497bf1abda0e94') in 0.106000 seconds 
========================================================================
Received Import Request.
  Time since last request: 0.000183 seconds.
  path: Assets/TreePack1_Free/TreePack1/Tree3/Texture/Leaf4.png
  artifactKey: Guid(8577685fc6b4b4b32b27a448e363fac7) Importer(815301076,1909f56bfc062723c751e8b465ee728b)
Start importing Assets/TreePack1_Free/TreePack1/Tree3/Texture/Leaf4.png using Guid(8577685fc6b4b4b32b27a448e363fac7) Importer(815301076,1909f56bfc062723c751e8b465ee728b)  -> (artifact id: '86e717bc9827129e1e6255261bdc98f6') in 0.070985 seconds 
========================================================================
Received Import Request.
  Time since last request: 0.000173 seconds.
  path: Assets/TreePack1_Free/TreePack1/Tree3/Texture/Leaf15.png
  artifactKey: Guid(6c812bccc0bc84edb9844fd80558048d) Importer(815301076,1909f56bfc062723c751e8b465ee728b)
Start importing Assets/TreePack1_Free/TreePack1/Tree3/Texture/Leaf15.png using Guid(6c812bccc0bc84edb9844fd80558048d) Importer(815301076,1909f56bfc062723c751e8b465ee728b)  -> (artifact id: 'e86e0f166388a0b314c483cb0f602643') in 0.072450 seconds 
========================================================================
Received Import Request.
  Time since last request: 0.000165 seconds.
  path: Assets/TreePack1_Free/TreePack1/Tree3/Texture/Leaf5.png
  artifactKey: Guid(758d59458bba2472dbc192002a75eb7e) Importer(815301076,1909f56bfc062723c751e8b465ee728b)
Start importing Assets/TreePack1_Free/TreePack1/Tree3/Texture/Leaf5.png using Guid(758d59458bba2472dbc192002a75eb7e) Importer(815301076,1909f56bfc062723c751e8b465ee728b)  -> (artifact id: '1d72284d99c2d62955e97901c759871c') in 0.104794 seconds 
========================================================================
Received Import Request.
  Time since last request: 0.000222 seconds.
  path: Assets/TreePack1_Free/TreePack1/Tree3/Texture/Leaf12.png
  artifactKey: Guid(10897eb2ab3ed42a990ba6182ff48ca0) Importer(815301076,1909f56bfc062723c751e8b465ee728b)
Start importing Assets/TreePack1_Free/TreePack1/Tree3/Texture/Leaf12.png using Guid(10897eb2ab3ed42a990ba6182ff48ca0) Importer(815301076,1909f56bfc062723c751e8b465ee728b)  -> (artifact id: 'bc52de22c1f3556ccfcaae0677a3befa') in 0.102809 seconds 
========================================================================
Received Import Request.
  Time since last request: 0.000231 seconds.
  path: Assets/TreePack1_Free/TreePack1/Tree3/Texture/Leaf16.png
  artifactKey: Guid(a6f23d07d35364bc090ce65459f9e0e7) Importer(815301076,1909f56bfc062723c751e8b465ee728b)
Start importing Assets/TreePack1_Free/TreePack1/Tree3/Texture/Leaf16.png using Guid(a6f23d07d35364bc090ce65459f9e0e7) Importer(815301076,1909f56bfc062723c751e8b465ee728b)  -> (artifact id: '18053751a9fcc133d8b6f1897a2168bc') in 0.104979 seconds 
========================================================================
Received Import Request.
  Time since last request: 0.000170 seconds.
  path: Assets/TreePack1_Free/TreePack1/Tree3/Texture/Leaf8.png
  artifactKey: Guid(07f5e7f809de74fdf99284681c1531e7) Importer(815301076,1909f56bfc062723c751e8b465ee728b)
Start importing Assets/TreePack1_Free/TreePack1/Tree3/Texture/Leaf8.png using Guid(07f5e7f809de74fdf99284681c1531e7) Importer(815301076,1909f56bfc062723c751e8b465ee728b)  -> (artifact id: 'd21029bb80af850cd84d69e88ac0e293') in 0.107388 seconds 
========================================================================
Received Import Request.
  Time since last request: 0.000178 seconds.
  path: Assets/TreePack1_Free/TreePack1/Tree3/Texture/Leaf6.png
  artifactKey: Guid(651d4d3e65aca4db0a06aca63268f1f8) Importer(815301076,1909f56bfc062723c751e8b465ee728b)
Start importing Assets/TreePack1_Free/TreePack1/Tree3/Texture/Leaf6.png using Guid(651d4d3e65aca4db0a06aca63268f1f8) Importer(815301076,1909f56bfc062723c751e8b465ee728b)  -> (artifact id: '76eaa1ffd5f771362626b997f99c86fe') in 0.098530 seconds 
========================================================================
Received Import Request.
  Time since last request: 0.000170 seconds.
  path: Assets/TreePack1_Free/TreePack1/Tree3/Texture/Tree3.psd
  artifactKey: Guid(262eed0a72ff04f60b557426bf0efaaf) Importer(815301076,1909f56bfc062723c751e8b465ee728b)
Start importing Assets/TreePack1_Free/TreePack1/Tree3/Texture/Tree3.psd using Guid(262eed0a72ff04f60b557426bf0efaaf) Importer(815301076,1909f56bfc062723c751e8b465ee728b)  -> (artifact id: '3daf44ed4fc95d0018695799136634a7') in 0.136069 seconds 
========================================================================
Received Import Request.
  Time since last request: 0.000197 seconds.
  path: Assets/TreePack1_Free/TreePack1/Tree3/Texture/Leaf14.png
  artifactKey: Guid(9e131eefc6b624ca18a46a24261d087e) Importer(815301076,1909f56bfc062723c751e8b465ee728b)
Start importing Assets/TreePack1_Free/TreePack1/Tree3/Texture/Leaf14.png using Guid(9e131eefc6b624ca18a46a24261d087e) Importer(815301076,1909f56bfc062723c751e8b465ee728b)  -> (artifact id: '12dd1a3f61fb9f6ab1e71a154d613f67') in 0.110623 seconds 
========================================================================
Received Import Request.
  Time since last request: 0.000480 seconds.
  path: Assets/TreePack1_Free/TreePack1/Tree3/Texture/Leaf13.png
  artifactKey: Guid(c8bfcbce9375a4e51aa16cfbb2160c40) Importer(815301076,1909f56bfc062723c751e8b465ee728b)
Start importing Assets/TreePack1_Free/TreePack1/Tree3/Texture/Leaf13.png using Guid(c8bfcbce9375a4e51aa16cfbb2160c40) Importer(815301076,1909f56bfc062723c751e8b465ee728b)  -> (artifact id: '029080848f85d0915a46c54f1f9f123a') in 0.060693 seconds 
========================================================================
Received Import Request.
  Time since last request: 0.000177 seconds.
  path: Assets/TreePack1_Free/TreePack1/Tree3/Texture/Tree3_2.png
  artifactKey: Guid(e399725fcf4d1480fa79460821a2c9ab) Importer(815301076,1909f56bfc062723c751e8b465ee728b)
Start importing Assets/TreePack1_Free/TreePack1/Tree3/Texture/Tree3_2.png using Guid(e399725fcf4d1480fa79460821a2c9ab) Importer(815301076,1909f56bfc062723c751e8b465ee728b)  -> (artifact id: '79356e6c95ce837820c1f562e80767e1') in 0.112496 seconds 
========================================================================
Received Import Request.
  Time since last request: 0.000153 seconds.
  path: Assets/TreePack1_Free/TreePack1/Tree3/Texture/Leaf11.png
  artifactKey: Guid(d7438204b95fc4e7899f1730bc682c82) Importer(815301076,1909f56bfc062723c751e8b465ee728b)
Start importing Assets/TreePack1_Free/TreePack1/Tree3/Texture/Leaf11.png using Guid(d7438204b95fc4e7899f1730bc682c82) Importer(815301076,1909f56bfc062723c751e8b465ee728b)  -> (artifact id: '2c6ec7493c1344beff45bc640bdedd17') in 0.106416 seconds 
========================================================================
Received Import Request.
  Time since last request: 0.000178 seconds.
  path: Assets/TreePack1_Free/TreePack1/Tree3/Texture/Leaf10.png
  artifactKey: Guid(296b6b2f41d204fd89cb4fa3f98dac26) Importer(815301076,1909f56bfc062723c751e8b465ee728b)
Start importing Assets/TreePack1_Free/TreePack1/Tree3/Texture/Leaf10.png using Guid(296b6b2f41d204fd89cb4fa3f98dac26) Importer(815301076,1909f56bfc062723c751e8b465ee728b)  -> (artifact id: 'bf9b99fce9cb11b77b21206e3cf6b4b4') in 0.125975 seconds 
========================================================================
Received Import Request.
  Time since last request: 0.000199 seconds.
  path: Assets/TreePack1_Free/TreePack1/Tree3/Texture/Leaf2.png
  artifactKey: Guid(2c33d7cee46cd41ae9d03db051a692ae) Importer(815301076,1909f56bfc062723c751e8b465ee728b)
Start importing Assets/TreePack1_Free/TreePack1/Tree3/Texture/Leaf2.png using Guid(2c33d7cee46cd41ae9d03db051a692ae) Importer(815301076,1909f56bfc062723c751e8b465ee728b)  -> (artifact id: 'beea7788d6c509da7bf1fcbb31808d0b') in 0.113681 seconds 
========================================================================
Received Import Request.
  Time since last request: 0.000175 seconds.
  path: Assets/TreePack1_Free/TreePack1/Tree3/Texture/Tree3_3.png
  artifactKey: Guid(050a0053a2b704e889d7309ae605581a) Importer(815301076,1909f56bfc062723c751e8b465ee728b)
Start importing Assets/TreePack1_Free/TreePack1/Tree3/Texture/Tree3_3.png using Guid(050a0053a2b704e889d7309ae605581a) Importer(815301076,1909f56bfc062723c751e8b465ee728b)  -> (artifact id: '8acab02e0c4182c4157dc5feee54a3ea') in 0.087349 seconds 
========================================================================
Received Prepare
Registering precompiled user dll's ...
Registered in 0.003350 seconds.
Begin MonoManager ReloadAssembly
Native extension for WindowsStandalone target not found
Refreshing native plugins compatible for Editor in 0.60 ms, found 3 plugins.
Preloading 0 native plugins for Editor in 0.00 ms.
Mono: successfully reloaded assembly
- Completed reload, in  1.187 seconds
Domain Reload Profiling:
	ReloadAssembly (1187ms)
		BeginReloadAssembly (129ms)
			ExecutionOrderSort (0ms)
			DisableScriptedObjects (7ms)
			BackupInstance (0ms)
			ReleaseScriptingObjects (0ms)
			CreateAndSetChildDomain (37ms)
		EndReloadAssembly (990ms)
			LoadAssemblies (109ms)
			RebuildTransferFunctionScriptingTraits (0ms)
			SetupTypeCache (350ms)
			ReleaseScriptCaches (1ms)
			RebuildScriptCaches (47ms)
			SetupLoadedEditorAssemblies (306ms)
				LogAssemblyErrors (0ms)
				InitializePlatformSupportModulesInManaged (5ms)
				SetLoadedEditorAssemblies (1ms)
				RefreshPlugins (1ms)
				BeforeProcessingInitializeOnLoad (68ms)
				ProcessInitializeOnLoadAttributes (208ms)
				ProcessInitializeOnLoadMethodAttributes (17ms)
				AfterProcessingInitializeOnLoad (8ms)
				EditorAssembliesLoaded (0ms)
			ExecutionOrderSort2 (0ms)
			AwakeInstancesAfterBackupRestoration (5ms)
Platform modules already initialized, skipping
Switching build target platform(19) subTarget(0) extendedPlatform(0) -> platform(13) subTarget(537395200) extendedPlatform(0)
Refreshing native plugins compatible for Editor in 0.73 ms, found 3 plugins.
Preloading 0 native plugins for Editor in 0.00 ms.
Unloading 2291 Unused Serialized files (Serialized files now loaded: 0)
System memory in use before: 104.2 MB.
System memory in use after: 104.4 MB.

Unloading 14 unused Assets to reduce memory usage. Loaded Objects now: 2871.
Total: 4.044600 ms (FindLiveObjects: 0.304800 ms CreateObjectMapping: 0.241800 ms MarkObjects: 3.461100 ms  DeleteObjects: 0.035600 ms)

AssetImportParameters requested are different than current active one (requested -> active):
  custom:framework-win-MediaFoundation: 216162199b28c13a410421893ffa2e32 -> 
  custom:video-decoder-ogg-theora: a1e56fd34408186e4bbccfd4996cb3dc -> 
  custom:container-muxer-webm: aa71ff27fc2769a1b78a27578f13a17b -> 
  custom:container-demuxer-webm: 4f35f7cbe854078d1ac9338744f61a02 -> 
  custom:container-demuxer-ogg: 62fdf1f143b41e24485cea50d1cbac27 -> 
  custom:video-encoder-webm-vp8: eb34c28f22e8b96e1ab97ce403110664 -> 
  custom:video-decoder-webm-vp8: 9c59270c3fd7afecdb556c50c9e8de78 -> 
  custom:graphics/normal-map-encoding: 01000000000000000000000000000000 -> 02000000000000000000000000000000
  custom:audio-decoder-ogg-vorbis: bf7c407c2cedff20999df2af8eb42d56 -> 
  custom:audio-encoder-webm-vorbis: bf7c407c2cedff20999df2af8eb42d56 -> 
AssetImportWorkerClient::OnTransportError - code=2 error=End of file
